<?xml version="1.0" encoding="UTF-8"?>
<!-- Generated by org.testng.reporters.JUnitReportReporter -->
<testsuite hostname="DESKTOP-DCCVRKG" name="myPackage.SmokeTest" tests="1" failures="0" timestamp="7 Apr 2016 19:33:51 GMT" time="36.632" errors="0">
  <testcase name="loginTest" time="36.632" classname="myPackage.SmokeTest"/>
</testsuite> <!-- myPackage.SmokeTest -->
